# JRE version: OpenJDK Runtime Environment (11.0.13) (build 11.0.13+0-b1751.21-8125866)
# Java VM: OpenJDK 64-Bit Server VM (11.0.13+0-b1751.21-8125866, mixed mode, tiered, compressed oops, g1 gc, windows-amd64)
Heap:
 garbage-first heap   total 96256K, used 54717K [0x0000000080000000, 0x0000000100000000)
  region size 1024K, 28 young (28672K), 4 survivors (4096K)
 Metaspace       used 48605K, capacity 49753K, committed 49872K, reserved 1093632K
  class space    used 6138K, capacity 6581K, committed 6688K, reserved 1048576K
GC Heap History (20 events):
Event: 2.722 GC heap before
{Heap before GC invocations=2 (full 0):
 garbage-first heap   total 96256K, used 28203K [0x0000000080000000, 0x0000000100000000)
  region size 1024K, 20 young (20480K), 7 survivors (7168K)
 Metaspace       used 16850K, capacity 17265K, committed 17408K, reserved 1064960K
  class space    used 1924K, capacity 2037K, committed 2048K, reserved 1048576K
}
Event: 2.727 GC heap after
{Heap after GC invocations=3 (full 0):
 garbage-first heap   total 96256K, used 15959K [0x0000000080000000, 0x0000000100000000)
  region size 1024K, 2 young (2048K), 2 survivors (2048K)
 Metaspace       used 16850K, capacity 17265K, committed 17408K, reserved 1064960K
  class space    used 1924K, capacity 2037K, committed 2048K, reserved 1048576K
}
Event: 4.489 GC heap before
{Heap before GC invocations=3 (full 0):
 garbage-first heap   total 96256K, used 47703K [0x0000000080000000, 0x0000000100000000)
  region size 1024K, 34 young (34816K), 2 survivors (2048K)
 Metaspace       used 20304K, capacity 20721K, committed 20864K, reserved 1067008K
  class space    used 2469K, capacity 2616K, committed 2688K, reserved 1048576K
}
Event: 4.492 GC heap after
{Heap after GC invocations=4 (full 0):
 garbage-first heap   total 96256K, used 17087K [0x0000000080000000, 0x0000000100000000)
  region size 1024K, 3 young (3072K), 3 survivors (3072K)
 Metaspace       used 20304K, capacity 20721K, committed 20864K, reserved 1067008K
  class space    used 2469K, capacity 2616K, committed 2688K, reserved 1048576K
}
Event: 4.561 GC heap before
{Heap before GC invocations=4 (full 0):
 garbage-first heap   total 96256K, used 20159K [0x0000000080000000, 0x0000000100000000)
  region size 1024K, 7 young (7168K), 3 survivors (3072K)
 Metaspace       used 20778K, capacity 21187K, committed 21296K, reserved 1069056K
  class space    used 2531K, capacity 2686K, committed 2688K, reserved 1048576K
}
Event: 4.564 GC heap after
{Heap after GC invocations=5 (full 0):
 garbage-first heap   total 96256K, used 17315K [0x0000000080000000, 0x0000000100000000)
  region size 1024K, 3 young (3072K), 3 survivors (3072K)
 Metaspace       used 20778K, capacity 21187K, committed 21296K, reserved 1069056K
  class space    used 2531K, capacity 2686K, committed 2688K, reserved 1048576K
}
Event: 5.222 GC heap before
{Heap before GC invocations=6 (full 0):
 garbage-first heap   total 96256K, used 56227K [0x0000000080000000, 0x0000000100000000)
  region size 1024K, 41 young (41984K), 3 survivors (3072K)
 Metaspace       used 24585K, capacity 25120K, committed 25340K, reserved 1071104K
  class space    used 3136K, capacity 3321K, committed 3404K, reserved 1048576K
}
Event: 5.225 GC heap after
{Heap after GC invocations=7 (full 0):
 garbage-first heap   total 96256K, used 18404K [0x0000000080000000, 0x0000000100000000)
  region size 1024K, 4 young (4096K), 4 survivors (4096K)
 Metaspace       used 24585K, capacity 25120K, committed 25340K, reserved 1071104K
  class space    used 3136K, capacity 3321K, committed 3404K, reserved 1048576K
}
Event: 5.977 GC heap before
{Heap before GC invocations=7 (full 0):
 garbage-first heap   total 96256K, used 59364K [0x0000000080000000, 0x0000000100000000)
  region size 1024K, 44 young (45056K), 4 survivors (4096K)
 Metaspace       used 28620K, capacity 29287K, committed 29564K, reserved 1075200K
  class space    used 3751K, capacity 3995K, committed 4044K, reserved 1048576K
}
Event: 5.982 GC heap after
{Heap after GC invocations=8 (full 0):
 garbage-first heap   total 96256K, used 19838K [0x0000000080000000, 0x0000000100000000)
  region size 1024K, 4 young (4096K), 4 survivors (4096K)
 Metaspace       used 28620K, capacity 29287K, committed 29564K, reserved 1075200K
  class space    used 3751K, capacity 3995K, committed 4044K, reserved 1048576K
}
Event: 6.632 GC heap before
{Heap before GC invocations=8 (full 0):
 garbage-first heap   total 96256K, used 54654K [0x0000000080000000, 0x0000000100000000)
  region size 1024K, 39 young (39936K), 4 survivors (4096K)
 Metaspace       used 35173K, capacity 35947K, committed 36048K, reserved 1081344K
  class space    used 4516K, capacity 4833K, committed 4896K, reserved 1048576K
}
Event: 6.641 GC heap after
{Heap after GC invocations=9 (full 0):
 garbage-first heap   total 96256K, used 22881K [0x0000000080000000, 0x0000000100000000)
  region size 1024K, 6 young (6144K), 6 survivors (6144K)
 Metaspace       used 35173K, capacity 35947K, committed 36048K, reserved 1081344K
  class space    used 4516K, capacity 4833K, committed 4896K, reserved 1048576K
}
Event: 7.304 GC heap before
{Heap before GC invocations=10 (full 0):
 garbage-first heap   total 96256K, used 65889K [0x0000000080000000, 0x0000000100000000)
  region size 1024K, 46 young (47104K), 6 survivors (6144K)
 Metaspace       used 38942K, capacity 39819K, committed 40016K, reserved 1083392K
  class space    used 4898K, capacity 5223K, committed 5280K, reserved 1048576K
}
Event: 7.310 GC heap after
{Heap after GC invocations=11 (full 0):
 garbage-first heap   total 96256K, used 26391K [0x0000000080000000, 0x0000000100000000)
  region size 1024K, 6 young (6144K), 6 survivors (6144K)
 Metaspace       used 38942K, capacity 39819K, committed 40016K, reserved 1083392K
  class space    used 4898K, capacity 5223K, committed 5280K, reserved 1048576K
}
Event: 11.428 GC heap before
{Heap before GC invocations=11 (full 0):
 garbage-first heap   total 96256K, used 66327K [0x0000000080000000, 0x0000000100000000)
  region size 1024K, 45 young (46080K), 6 survivors (6144K)
 Metaspace       used 41703K, capacity 42700K, committed 42704K, reserved 1087488K
  class space    used 5288K, capacity 5662K, committed 5664K, reserved 1048576K
}
Event: 11.435 GC heap after
{Heap after GC invocations=12 (full 0):
 garbage-first heap   total 96256K, used 28800K [0x0000000080000000, 0x0000000100000000)
  region size 1024K, 6 young (6144K), 6 survivors (6144K)
 Metaspace       used 41703K, capacity 42700K, committed 42704K, reserved 1087488K
  class space    used 5288K, capacity 5662K, committed 5664K, reserved 1048576K
}
Event: 18.270 GC heap before
{Heap before GC invocations=12 (full 0):
 garbage-first heap   total 96256K, used 68736K [0x0000000080000000, 0x0000000100000000)
  region size 1024K, 45 young (46080K), 6 survivors (6144K)
 Metaspace       used 45375K, capacity 46402K, committed 46544K, reserved 1089536K
  class space    used 5756K, capacity 6170K, committed 6176K, reserved 1048576K
}
Event: 18.281 GC heap after
{Heap after GC invocations=13 (full 0):
 garbage-first heap   total 96256K, used 30462K [0x0000000080000000, 0x0000000100000000)
  region size 1024K, 5 young (5120K), 5 survivors (5120K)
 Metaspace       used 45375K, capacity 46402K, committed 46544K, reserved 1089536K
  class space    used 5756K, capacity 6170K, committed 6176K, reserved 1048576K
}
Event: 21.870 GC heap before
{Heap before GC invocations=13 (full 0):
 garbage-first heap   total 96256K, used 70398K [0x0000000080000000, 0x0000000100000000)
  region size 1024K, 44 young (45056K), 5 survivors (5120K)
 Metaspace       used 48075K, capacity 49175K, committed 49488K, reserved 1091584K
  class space    used 6087K, capacity 6499K, committed 6560K, reserved 1048576K
}
Event: 21.967 GC heap after
{Heap after GC invocations=14 (full 0):
 garbage-first heap   total 96256K, used 32189K [0x0000000080000000, 0x0000000100000000)
  region size 1024K, 4 young (4096K), 4 survivors (4096K)
 Metaspace       used 48075K, capacity 49175K, committed 49488K, reserved 1091584K
  class space    used 6087K, capacity 6499K, committed 6560K, reserved 1048576K
}

